# This is the CMakeCache file.
# For build in directory: f:/UD/Thesis/ringSNARK/out/build/x64-Debug
# It was generated by CMake: C:/Program Files/Microsoft Visual Studio/2022/Community/Common7/IDE/CommonExtensions/Microsoft/CMake/CMake/bin/cmake.exe
# You can edit this file to change values found and used by cmake.
# If you do not want to change any of the values, simply exit the editor.
# If you do want to change a value, simply edit, save, and exit the editor.
# The syntax for the file is as follows:
# KEY:TYPE=VALUE
# KEY is the name of a variable in the cache.
# TYPE is a hint to GUIs for the type of VALUE, DO NOT EDIT TYPE!.
# VALUE is the current value for the KEY.

########################
# EXTERNAL cache entries
########################

//activate multi-threaded compilation (/MP flag)
ACTIVATE_MULTITHREADED_COMPILATION:BOOL=ON

//Builds the googlemock subproject
BUILD_GMOCK:BOOL=ON

//Build shared library
BUILD_SHARED_LIBS:BOOL=OFF

//The directory containing a CMake configuration file for Boost.
Boost_DIR:PATH=Boost_DIR-NOTFOUND

//Path to a file.
Boost_INCLUDE_DIR:PATH=Boost_INCLUDE_DIR-NOTFOUND

//Boost math library (debug)
Boost_MATH_LIBRARY_DEBUG:FILEPATH=Boost_MATH_LIBRARY_DEBUG-NOTFOUND

//Boost math library (release)
Boost_MATH_LIBRARY_RELEASE:FILEPATH=Boost_MATH_LIBRARY_RELEASE-NOTFOUND

//Path to a program.
CMAKE_AR:FILEPATH=C:/Program Files/Microsoft Visual Studio/2022/Community/VC/Tools/MSVC/14.36.32532/bin/Hostx64/x64/lib.exe

//ASM compiler
CMAKE_ASM_COMPILER:FILEPATH=C:/Program Files/Microsoft Visual Studio/2022/Community/VC/Tools/MSVC/14.36.32532/bin/Hostx64/x64/cl.exe

//Flags used by the ASM compiler during all build types.
CMAKE_ASM_FLAGS:STRING=

//Flags used by the ASM compiler during DEBUG builds.
CMAKE_ASM_FLAGS_DEBUG:STRING=

//Flags used by the ASM compiler during MINSIZEREL builds.
CMAKE_ASM_FLAGS_MINSIZEREL:STRING=

//Flags used by the ASM compiler during RELEASE builds.
CMAKE_ASM_FLAGS_RELEASE:STRING=

//Flags used by the ASM compiler during RELWITHDEBINFO builds.
CMAKE_ASM_FLAGS_RELWITHDEBINFO:STRING=

//For backwards compatibility, what version of CMake commands and
// syntax should this version of CMake try to support.
CMAKE_BACKWARDS_COMPATIBILITY:STRING=2.4

//No help, variable specified on the command line.
CMAKE_BUILD_TYPE:STRING=Debug

//No help, variable specified on the command line.
CMAKE_CXX_COMPILER:FILEPATH=C:/Program Files/Microsoft Visual Studio/2022/Community/VC/Tools/MSVC/14.36.32532/bin/Hostx64/x64/cl.exe

//Flags used by the CXX compiler during all build types.
CMAKE_CXX_FLAGS:STRING=/DWIN32 /D_WINDOWS /EHsc

//Flags used by the CXX compiler during DEBUG builds.
CMAKE_CXX_FLAGS_DEBUG:STRING=/Zi /Ob0 /Od /RTC1

//Flags used by the CXX compiler during MINSIZEREL builds.
CMAKE_CXX_FLAGS_MINSIZEREL:STRING=/O1 /Ob1 /DNDEBUG

//Flags used by the CXX compiler during RELEASE builds.
CMAKE_CXX_FLAGS_RELEASE:STRING=/O2 /Ob2 /DNDEBUG

//Flags used by the CXX compiler during RELWITHDEBINFO builds.
CMAKE_CXX_FLAGS_RELWITHDEBINFO:STRING=/Zi /O2 /Ob1 /DNDEBUG

//Libraries linked by default with all C++ applications.
CMAKE_CXX_STANDARD_LIBRARIES:STRING=kernel32.lib user32.lib gdi32.lib winspool.lib shell32.lib ole32.lib oleaut32.lib uuid.lib comdlg32.lib advapi32.lib

//C compiler
CMAKE_C_COMPILER:FILEPATH=C:/Program Files/Microsoft Visual Studio/2022/Community/VC/Tools/MSVC/14.36.32532/bin/Hostx64/x64/cl.exe

//Flags used by the C compiler during all build types.
CMAKE_C_FLAGS:STRING=/DWIN32 /D_WINDOWS

//Flags used by the C compiler during DEBUG builds.
CMAKE_C_FLAGS_DEBUG:STRING=/Zi /Ob0 /Od /RTC1

//Flags used by the C compiler during MINSIZEREL builds.
CMAKE_C_FLAGS_MINSIZEREL:STRING=/O1 /Ob1 /DNDEBUG

//Flags used by the C compiler during RELEASE builds.
CMAKE_C_FLAGS_RELEASE:STRING=/O2 /Ob2 /DNDEBUG

//Flags used by the C compiler during RELWITHDEBINFO builds.
CMAKE_C_FLAGS_RELWITHDEBINFO:STRING=/Zi /O2 /Ob1 /DNDEBUG

//Libraries linked by default with all C applications.
CMAKE_C_STANDARD_LIBRARIES:STRING=kernel32.lib user32.lib gdi32.lib winspool.lib shell32.lib ole32.lib oleaut32.lib uuid.lib comdlg32.lib advapi32.lib

//Flags used by the linker during all build types.
CMAKE_EXE_LINKER_FLAGS:STRING=/machine:x64

//Flags used by the linker during DEBUG builds.
CMAKE_EXE_LINKER_FLAGS_DEBUG:STRING=/debug /INCREMENTAL

//Flags used by the linker during MINSIZEREL builds.
CMAKE_EXE_LINKER_FLAGS_MINSIZEREL:STRING=/INCREMENTAL:NO

//Flags used by the linker during RELEASE builds.
CMAKE_EXE_LINKER_FLAGS_RELEASE:STRING=/INCREMENTAL:NO

//Flags used by the linker during RELWITHDEBINFO builds.
CMAKE_EXE_LINKER_FLAGS_RELWITHDEBINFO:STRING=/debug /INCREMENTAL

//Enable/Disable output of compile commands during generation.
CMAKE_EXPORT_COMPILE_COMMANDS:BOOL=

//Value Computed by CMake.
CMAKE_FIND_PACKAGE_REDIRECTS_DIR:STATIC=F:/UD/Thesis/ringSNARK/out/build/x64-Debug/CMakeFiles/pkgRedirects

//User executables (bin)
CMAKE_INSTALL_BINDIR:PATH=bin

//Read-only architecture-independent data (DATAROOTDIR)
CMAKE_INSTALL_DATADIR:PATH=

//Read-only architecture-independent data root (share)
CMAKE_INSTALL_DATAROOTDIR:PATH=share

//Documentation root (DATAROOTDIR/doc/PROJECT_NAME)
CMAKE_INSTALL_DOCDIR:PATH=

//C header files (include)
CMAKE_INSTALL_INCLUDEDIR:PATH=include

//Info documentation (DATAROOTDIR/info)
CMAKE_INSTALL_INFODIR:PATH=

//Object code libraries (lib)
CMAKE_INSTALL_LIBDIR:PATH=lib

//Program executables (libexec)
CMAKE_INSTALL_LIBEXECDIR:PATH=libexec

//Locale-dependent data (DATAROOTDIR/locale)
CMAKE_INSTALL_LOCALEDIR:PATH=

//Modifiable single-machine data (var)
CMAKE_INSTALL_LOCALSTATEDIR:PATH=var

//Man documentation (DATAROOTDIR/man)
CMAKE_INSTALL_MANDIR:PATH=

//C header files for non-gcc (/usr/include)
CMAKE_INSTALL_OLDINCLUDEDIR:PATH=/usr/include

//No help, variable specified on the command line.
CMAKE_INSTALL_PREFIX:PATH=F:/UD/Thesis/ringSNARK/out/install/x64-Debug

//Run-time variable data (LOCALSTATEDIR/run)
CMAKE_INSTALL_RUNSTATEDIR:PATH=

//System admin executables (sbin)
CMAKE_INSTALL_SBINDIR:PATH=sbin

//Modifiable architecture-independent data (com)
CMAKE_INSTALL_SHAREDSTATEDIR:PATH=com

//Read-only single-machine data (etc)
CMAKE_INSTALL_SYSCONFDIR:PATH=etc

//Path to a program.
CMAKE_LINKER:FILEPATH=C:/Program Files/Microsoft Visual Studio/2022/Community/VC/Tools/MSVC/14.36.32532/bin/Hostx64/x64/link.exe

//make program
CMAKE_MAKE_PROGRAM:FILEPATH=C:/Program Files/Microsoft Visual Studio/2022/Community/Common7/IDE/CommonExtensions/Microsoft/CMake/Ninja/ninja.exe

//Flags used by the linker during the creation of modules during
// all build types.
CMAKE_MODULE_LINKER_FLAGS:STRING=/machine:x64

//Flags used by the linker during the creation of modules during
// DEBUG builds.
CMAKE_MODULE_LINKER_FLAGS_DEBUG:STRING=/debug /INCREMENTAL

//Flags used by the linker during the creation of modules during
// MINSIZEREL builds.
CMAKE_MODULE_LINKER_FLAGS_MINSIZEREL:STRING=/INCREMENTAL:NO

//Flags used by the linker during the creation of modules during
// RELEASE builds.
CMAKE_MODULE_LINKER_FLAGS_RELEASE:STRING=/INCREMENTAL:NO

//Flags used by the linker during the creation of modules during
// RELWITHDEBINFO builds.
CMAKE_MODULE_LINKER_FLAGS_RELWITHDEBINFO:STRING=/debug /INCREMENTAL

//Path to a program.
CMAKE_MT:FILEPATH=C:/Program Files (x86)/Windows Kits/10/bin/10.0.22000.0/x64/mt.exe

//Value Computed by CMake
CMAKE_PROJECT_DESCRIPTION:STATIC=

//Value Computed by CMake
CMAKE_PROJECT_HOMEPAGE_URL:STATIC=

//Value Computed by CMake
CMAKE_PROJECT_NAME:STATIC=ringsnark

//Value Computed by CMake
CMAKE_PROJECT_VERSION:STATIC=4.1.1

//Value Computed by CMake
CMAKE_PROJECT_VERSION_MAJOR:STATIC=4

//Value Computed by CMake
CMAKE_PROJECT_VERSION_MINOR:STATIC=1

//Value Computed by CMake
CMAKE_PROJECT_VERSION_PATCH:STATIC=1

//Value Computed by CMake
CMAKE_PROJECT_VERSION_TWEAK:STATIC=

//RC compiler
CMAKE_RC_COMPILER:FILEPATH=C:/Program Files (x86)/Windows Kits/10/bin/10.0.22000.0/x64/rc.exe

//Flags for Windows Resource Compiler during all build types.
CMAKE_RC_FLAGS:STRING=-DWIN32

//Flags for Windows Resource Compiler during DEBUG builds.
CMAKE_RC_FLAGS_DEBUG:STRING=-D_DEBUG

//Flags for Windows Resource Compiler during MINSIZEREL builds.
CMAKE_RC_FLAGS_MINSIZEREL:STRING=

//Flags for Windows Resource Compiler during RELEASE builds.
CMAKE_RC_FLAGS_RELEASE:STRING=

//Flags for Windows Resource Compiler during RELWITHDEBINFO builds.
CMAKE_RC_FLAGS_RELWITHDEBINFO:STRING=

//Flags used by the linker during the creation of shared libraries
// during all build types.
CMAKE_SHARED_LINKER_FLAGS:STRING=/machine:x64

//Flags used by the linker during the creation of shared libraries
// during DEBUG builds.
CMAKE_SHARED_LINKER_FLAGS_DEBUG:STRING=/debug /INCREMENTAL

//Flags used by the linker during the creation of shared libraries
// during MINSIZEREL builds.
CMAKE_SHARED_LINKER_FLAGS_MINSIZEREL:STRING=/INCREMENTAL:NO

//Flags used by the linker during the creation of shared libraries
// during RELEASE builds.
CMAKE_SHARED_LINKER_FLAGS_RELEASE:STRING=/INCREMENTAL:NO

//Flags used by the linker during the creation of shared libraries
// during RELWITHDEBINFO builds.
CMAKE_SHARED_LINKER_FLAGS_RELWITHDEBINFO:STRING=/debug /INCREMENTAL

//If set, runtime paths are not added when installing shared libraries,
// but are added when building.
CMAKE_SKIP_INSTALL_RPATH:BOOL=NO

//If set, runtime paths are not added when using shared libraries.
CMAKE_SKIP_RPATH:BOOL=NO

//Flags used by the linker during the creation of static libraries
// during all build types.
CMAKE_STATIC_LINKER_FLAGS:STRING=/machine:x64

//Flags used by the linker during the creation of static libraries
// during DEBUG builds.
CMAKE_STATIC_LINKER_FLAGS_DEBUG:STRING=

//Flags used by the linker during the creation of static libraries
// during MINSIZEREL builds.
CMAKE_STATIC_LINKER_FLAGS_MINSIZEREL:STRING=

//Flags used by the linker during the creation of static libraries
// during RELEASE builds.
CMAKE_STATIC_LINKER_FLAGS_RELEASE:STRING=

//Flags used by the linker during the creation of static libraries
// during RELWITHDEBINFO builds.
CMAKE_STATIC_LINKER_FLAGS_RELWITHDEBINFO:STRING=

//If this value is on, makefiles will be generated without the
// .SILENT directive, and all commands will be echoed to the console
// during the make.  This is useful for debugging only. With Visual
// Studio IDE projects all commands are done without /nologo.
CMAKE_VERBOSE_MAKEFILE:BOOL=FALSE

//Single output directory for building all executables.
EXECUTABLE_OUTPUT_PATH:PATH=

FETCHCONTENT_BASE_DIR:STRING=F:/UD/Thesis/ringSNARK/out/build/x64-Debug/_deps

//Disables all attempts to download or update content and assumes
// source dirs already exist
FETCHCONTENT_FULLY_DISCONNECTED:BOOL=OFF

//Enables QUIET option for all content population
FETCHCONTENT_QUIET:BOOL=ON

//When not empty, overrides where to find pre-populated content
// for json
FETCHCONTENT_SOURCE_DIR_JSON:PATH=

//When not empty, overrides where to find pre-populated content
// for msgsl
FETCHCONTENT_SOURCE_DIR_MSGSL:PATH=

//When not empty, overrides where to find pre-populated content
// for zlib
FETCHCONTENT_SOURCE_DIR_ZLIB:PATH=

//When not empty, overrides where to find pre-populated content
// for zstd
FETCHCONTENT_SOURCE_DIR_ZSTD:PATH=

//Enables UPDATE_DISCONNECTED behavior for all content population
FETCHCONTENT_UPDATES_DISCONNECTED:BOOL=OFF

//Enables UPDATE_DISCONNECTED behavior just for population of json
FETCHCONTENT_UPDATES_DISCONNECTED_JSON:BOOL=OFF

//Enables UPDATE_DISCONNECTED behavior just for population of msgsl
FETCHCONTENT_UPDATES_DISCONNECTED_MSGSL:BOOL=OFF

//Enables UPDATE_DISCONNECTED behavior just for population of zlib
FETCHCONTENT_UPDATES_DISCONNECTED_ZLIB:BOOL=OFF

//Enables UPDATE_DISCONNECTED behavior just for population of zstd
FETCHCONTENT_UPDATES_DISCONNECTED_ZSTD:BOOL=OFF

//Git command line client
GIT_EXECUTABLE:FILEPATH=C:/Program Files/Git/cmd/git.exe

//Value Computed by CMake
GSL_BINARY_DIR:STATIC=F:/UD/Thesis/ringSNARK/out/build/x64-Debug/depends/SEAL/thirdparty/msgsl-build

GSL_CXX_STANDARD:STRING=14

//Generate and install GSL target
GSL_INSTALL:BOOL=OFF

//Value Computed by CMake
GSL_IS_TOP_LEVEL:STATIC=OFF

//Value Computed by CMake
GSL_SOURCE_DIR:STATIC=F:/UD/Thesis/ringSNARK/out/build/x64-Debug/depends/SEAL/thirdparty/msgsl-src

//Build and perform GSL tests
GSL_TEST:BOOL=OFF

//Use Abseil and RE2. Requires Abseil and RE2 to be separately
// added to the build.
GTEST_HAS_ABSL:BOOL=OFF

//Installation directory for executables
INSTALL_BIN_DIR:PATH=F:/UD/Thesis/ringSNARK/out/install/x64-Debug/bin

//Enable installation of googletest. (Projects embedding googletest
// may want to turn this OFF.)
INSTALL_GTEST:BOOL=ON

//Installation directory for headers
INSTALL_INC_DIR:PATH=F:/UD/Thesis/ringSNARK/out/install/x64-Debug/include

//Installation directory for libraries
INSTALL_LIB_DIR:PATH=F:/UD/Thesis/ringSNARK/out/install/x64-Debug/lib

//Installation directory for manual pages
INSTALL_MAN_DIR:PATH=F:/UD/Thesis/ringSNARK/out/install/x64-Debug/share/man

//Installation directory for pkgconfig (.pc) files
INSTALL_PKGCONFIG_DIR:PATH=F:/UD/Thesis/ringSNARK/out/install/x64-Debug/share/pkgconfig

//Build the unit tests when BUILD_TESTING is enabled.
JSON_BuildTests:BOOL=OFF

//Enable CI build targets.
JSON_CI:BOOL=OFF

//Use extended diagnostic messages.
JSON_Diagnostics:BOOL=OFF

//Enable implicit conversions.
JSON_ImplicitConversions:BOOL=ON

//Install CMake targets during install step.
JSON_Install:BOOL=OFF

//Use non-amalgamated version of the library.
JSON_MultipleHeaders:BOOL=OFF

//Include as system headers (skip for clang-tidy).
JSON_SystemInclude:BOOL=OFF

//Single output directory for building all libraries.
LIBRARY_OUTPUT_PATH:PATH=

//Use an always branching-free conditional move
SEAL_AVOID_BRANCHING:BOOL=OFF

//Value Computed by CMake
SEAL_BINARY_DIR:STATIC=F:/UD/Thesis/ringSNARK/out/build/x64-Debug/depends/SEAL

//Build C++ benchmarks for Microsoft SEAL
SEAL_BUILD_BENCH:BOOL=OFF

//Automatically download and build unmet dependencies
SEAL_BUILD_DEPS:BOOL=ON

//Build C++ examples for Microsoft SEAL
SEAL_BUILD_EXAMPLES:BOOL=OFF

//Build C export library for Microsoft SEAL
SEAL_BUILD_SEAL_C:BOOL=OFF

//Build C++ tests for Microsoft SEAL
SEAL_BUILD_TESTS:BOOL=OFF

//Choose the default PRNG
SEAL_DEFAULT_PRNG:STRING=Blake2xb

//Value Computed by CMake
SEAL_IS_TOP_LEVEL:STATIC=OFF

//Enable Control Flow Guard and Spectre mitigations (MSVC only)
SEAL_SECURE_COMPILE_OPTIONS:BOOL=OFF

//Value Computed by CMake
SEAL_SOURCE_DIR:STATIC=F:/UD/Thesis/ringSNARK/depends/SEAL

//Throw an exception when Evaluator outputs a transparent ciphertext
SEAL_THROW_ON_TRANSPARENT_CIPHERTEXT:BOOL=ON

//Use _aligned_malloc
SEAL_USE_ALIGNED_ALLOC:BOOL=ON

//Use C++17
SEAL_USE_CXX17:BOOL=ON

//Use explicit_bzero
SEAL_USE_EXPLICIT_BZERO:BOOL=OFF

//Use explicit_memset
SEAL_USE_EXPLICIT_MEMSET:BOOL=OFF

//Use a rounded Gaussian distribution for noise sampling instead
// of a Centered Binomial Distribution
SEAL_USE_GAUSSIAN_NOISE:BOOL=OFF

//Use Intel HEXL library
SEAL_USE_INTEL_HEXL:BOOL=OFF

//Use intrinsics
SEAL_USE_INTRIN:BOOL=ON

//Use memset_s
SEAL_USE_MEMSET_S:BOOL=OFF

//Use Microsoft GSL
SEAL_USE_MSGSL:BOOL=ON

//Use ZLIB for compressed serialization
SEAL_USE_ZLIB:BOOL=ON

//Use Zstandard for compressed serialization
SEAL_USE_ZSTD:BOOL=ON

//Use _addcarry_u64
SEAL_USE__ADDCARRY_U64:BOOL=ON

//Use _BitScanReverse64
SEAL_USE__BITSCANREVERSE64:BOOL=ON

//Use _subborrow_u64
SEAL_USE__SUBBORROW_U64:BOOL=ON

//Use _umul128
SEAL_USE__UMUL128:BOOL=ON

SKIP_INSTALL_ALL:BOOL=ON

ZLIB_BUILD_STATIC:BOOL=ON

//BUILD CONTRIB
ZSTD_BUILD_CONTRIB:BOOL=OFF

//BUILD PROGRAMS
ZSTD_BUILD_PROGRAMS:BOOL=OFF

//BUILD SHARED LIBRARIES
ZSTD_BUILD_SHARED:BOOL=OFF

//BUILD STATIC LIBRARIES
ZSTD_BUILD_STATIC:BOOL=ON

//BUILD TESTS
ZSTD_BUILD_TESTS:BOOL=OFF

//LEGACY SUPPORT
ZSTD_LEGACY_SUPPORT:BOOL=OFF

//MULTITHREADING SUPPORT
ZSTD_MULTITHREAD_SUPPORT:BOOL=OFF

//PROGRAMS LINK SHARED
ZSTD_PROGRAMS_LINK_SHARED:BOOL=OFF

//LINK TO STATIC RUN-TIME LIBRARIES
ZSTD_USE_STATIC_RUNTIME:BOOL=OFF

//Value Computed by CMake
gmock_BINARY_DIR:STATIC=F:/UD/Thesis/ringSNARK/out/build/x64-Debug/depends/gtest/googlemock

//Value Computed by CMake
gmock_IS_TOP_LEVEL:STATIC=OFF

//Value Computed by CMake
gmock_SOURCE_DIR:STATIC=F:/UD/Thesis/ringSNARK/depends/gtest/googlemock

//Build all of Google Mock's own tests.
gmock_build_tests:BOOL=OFF

//Value Computed by CMake
googletest-distribution_BINARY_DIR:STATIC=F:/UD/Thesis/ringSNARK/out/build/x64-Debug/depends/gtest

//Value Computed by CMake
googletest-distribution_IS_TOP_LEVEL:STATIC=OFF

//Value Computed by CMake
googletest-distribution_SOURCE_DIR:STATIC=F:/UD/Thesis/ringSNARK/depends/gtest

//Value Computed by CMake
gtest_BINARY_DIR:STATIC=F:/UD/Thesis/ringSNARK/out/build/x64-Debug/depends/gtest/googletest

//Value Computed by CMake
gtest_IS_TOP_LEVEL:STATIC=OFF

//Value Computed by CMake
gtest_SOURCE_DIR:STATIC=F:/UD/Thesis/ringSNARK/depends/gtest/googletest

//Build gtest's sample programs.
gtest_build_samples:BOOL=OFF

//Build all of gtest's own tests.
gtest_build_tests:BOOL=OFF

//Disable uses of pthreads in gtest.
gtest_disable_pthreads:BOOL=OFF

//Use shared (DLL) run-time lib even when Google Test is built
// as static lib.
gtest_force_shared_crt:BOOL=OFF

//Build gtest with internal symbols hidden in shared libraries.
gtest_hide_internal_symbols:BOOL=OFF

//Dependencies for the target
gtest_main_LIB_DEPENDS:STATIC=general;gtest;

//Value Computed by CMake
libzstd_BINARY_DIR:STATIC=F:/UD/Thesis/ringSNARK/out/build/x64-Debug/depends/SEAL/thirdparty/zstd-build/lib

//Value Computed by CMake
libzstd_IS_TOP_LEVEL:STATIC=OFF

//Value Computed by CMake
libzstd_SOURCE_DIR:STATIC=F:/UD/Thesis/ringSNARK/out/build/x64-Debug/depends/SEAL/thirdparty/zstd-src/build/cmake/lib

//Value Computed by CMake
nlohmann_json_BINARY_DIR:STATIC=F:/UD/Thesis/ringSNARK/out/build/x64-Debug/_deps/json-build

//Value Computed by CMake
nlohmann_json_IS_TOP_LEVEL:STATIC=OFF

//Value Computed by CMake
nlohmann_json_SOURCE_DIR:STATIC=F:/UD/Thesis/ringSNARK/out/build/x64-Debug/_deps/json-src

//Value Computed by CMake
polytools_BINARY_DIR:STATIC=F:/UD/Thesis/ringSNARK/out/build/x64-Debug/depends/SEAL-Polytools

//Value Computed by CMake
polytools_IS_TOP_LEVEL:STATIC=OFF

//Value Computed by CMake
polytools_SOURCE_DIR:STATIC=F:/UD/Thesis/ringSNARK/depends/SEAL-Polytools

//Value Computed by CMake
ringsnark_BINARY_DIR:STATIC=F:/UD/Thesis/ringSNARK/out/build/x64-Debug

//Value Computed by CMake
ringsnark_IS_TOP_LEVEL:STATIC=ON

//Value Computed by CMake
ringsnark_SOURCE_DIR:STATIC=F:/UD/Thesis/ringSNARK

//Value Computed by CMake
zlib_BINARY_DIR:STATIC=F:/UD/Thesis/ringSNARK/out/build/x64-Debug/depends/SEAL/thirdparty/zlib-build

//Value Computed by CMake
zlib_IS_TOP_LEVEL:STATIC=OFF

//Value Computed by CMake
zlib_SOURCE_DIR:STATIC=F:/UD/Thesis/ringSNARK/out/build/x64-Debug/depends/SEAL/thirdparty/zlib-src

//Value Computed by CMake
zstd_BINARY_DIR:STATIC=F:/UD/Thesis/ringSNARK/out/build/x64-Debug/depends/SEAL/thirdparty/zstd-build

//Value Computed by CMake
zstd_IS_TOP_LEVEL:STATIC=OFF

//Value Computed by CMake
zstd_SOURCE_DIR:STATIC=F:/UD/Thesis/ringSNARK/out/build/x64-Debug/depends/SEAL/thirdparty/zstd-src/build/cmake


########################
# INTERNAL cache entries
########################

//ADVANCED property for variable: Boost_DIR
Boost_DIR-ADVANCED:INTERNAL=1
//ADVANCED property for variable: Boost_INCLUDE_DIR
Boost_INCLUDE_DIR-ADVANCED:INTERNAL=1
//ADVANCED property for variable: Boost_MATH_LIBRARY_DEBUG
Boost_MATH_LIBRARY_DEBUG-ADVANCED:INTERNAL=1
//ADVANCED property for variable: Boost_MATH_LIBRARY_RELEASE
Boost_MATH_LIBRARY_RELEASE-ADVANCED:INTERNAL=1
//ADVANCED property for variable: CMAKE_AR
CMAKE_AR-ADVANCED:INTERNAL=1
//ADVANCED property for variable: CMAKE_ASM_COMPILER
CMAKE_ASM_COMPILER-ADVANCED:INTERNAL=1
CMAKE_ASM_COMPILER_WORKS:INTERNAL=1
//ADVANCED property for variable: CMAKE_ASM_FLAGS
CMAKE_ASM_FLAGS-ADVANCED:INTERNAL=1
//ADVANCED property for variable: CMAKE_ASM_FLAGS_DEBUG
CMAKE_ASM_FLAGS_DEBUG-ADVANCED:INTERNAL=1
//ADVANCED property for variable: CMAKE_ASM_FLAGS_MINSIZEREL
CMAKE_ASM_FLAGS_MINSIZEREL-ADVANCED:INTERNAL=1
//ADVANCED property for variable: CMAKE_ASM_FLAGS_RELEASE
CMAKE_ASM_FLAGS_RELEASE-ADVANCED:INTERNAL=1
//ADVANCED property for variable: CMAKE_ASM_FLAGS_RELWITHDEBINFO
CMAKE_ASM_FLAGS_RELWITHDEBINFO-ADVANCED:INTERNAL=1
//ADVANCED property for variable: CMAKE_BACKWARDS_COMPATIBILITY
CMAKE_BACKWARDS_COMPATIBILITY-ADVANCED:INTERNAL=1
//This is the directory where this CMakeCache.txt was created
CMAKE_CACHEFILE_DIR:INTERNAL=f:/UD/Thesis/ringSNARK/out/build/x64-Debug
//Major version of cmake used to create the current loaded cache
CMAKE_CACHE_MAJOR_VERSION:INTERNAL=3
//Minor version of cmake used to create the current loaded cache
CMAKE_CACHE_MINOR_VERSION:INTERNAL=26
//Patch version of cmake used to create the current loaded cache
CMAKE_CACHE_PATCH_VERSION:INTERNAL=0
//Path to CMake executable.
CMAKE_COMMAND:INTERNAL=C:/Program Files/Microsoft Visual Studio/2022/Community/Common7/IDE/CommonExtensions/Microsoft/CMake/CMake/bin/cmake.exe
//Path to cpack program executable.
CMAKE_CPACK_COMMAND:INTERNAL=C:/Program Files/Microsoft Visual Studio/2022/Community/Common7/IDE/CommonExtensions/Microsoft/CMake/CMake/bin/cpack.exe
//Path to ctest program executable.
CMAKE_CTEST_COMMAND:INTERNAL=C:/Program Files/Microsoft Visual Studio/2022/Community/Common7/IDE/CommonExtensions/Microsoft/CMake/CMake/bin/ctest.exe
//ADVANCED property for variable: CMAKE_CXX_COMPILER
CMAKE_CXX_COMPILER-ADVANCED:INTERNAL=1
//ADVANCED property for variable: CMAKE_CXX_FLAGS
CMAKE_CXX_FLAGS-ADVANCED:INTERNAL=1
//ADVANCED property for variable: CMAKE_CXX_FLAGS_DEBUG
CMAKE_CXX_FLAGS_DEBUG-ADVANCED:INTERNAL=1
//ADVANCED property for variable: CMAKE_CXX_FLAGS_MINSIZEREL
CMAKE_CXX_FLAGS_MINSIZEREL-ADVANCED:INTERNAL=1
//ADVANCED property for variable: CMAKE_CXX_FLAGS_RELEASE
CMAKE_CXX_FLAGS_RELEASE-ADVANCED:INTERNAL=1
//ADVANCED property for variable: CMAKE_CXX_FLAGS_RELWITHDEBINFO
CMAKE_CXX_FLAGS_RELWITHDEBINFO-ADVANCED:INTERNAL=1
//ADVANCED property for variable: CMAKE_CXX_STANDARD_LIBRARIES
CMAKE_CXX_STANDARD_LIBRARIES-ADVANCED:INTERNAL=1
//ADVANCED property for variable: CMAKE_C_COMPILER
CMAKE_C_COMPILER-ADVANCED:INTERNAL=1
//ADVANCED property for variable: CMAKE_C_FLAGS
CMAKE_C_FLAGS-ADVANCED:INTERNAL=1
//ADVANCED property for variable: CMAKE_C_FLAGS_DEBUG
CMAKE_C_FLAGS_DEBUG-ADVANCED:INTERNAL=1
//ADVANCED property for variable: CMAKE_C_FLAGS_MINSIZEREL
CMAKE_C_FLAGS_MINSIZEREL-ADVANCED:INTERNAL=1
//ADVANCED property for variable: CMAKE_C_FLAGS_RELEASE
CMAKE_C_FLAGS_RELEASE-ADVANCED:INTERNAL=1
//ADVANCED property for variable: CMAKE_C_FLAGS_RELWITHDEBINFO
CMAKE_C_FLAGS_RELWITHDEBINFO-ADVANCED:INTERNAL=1
//ADVANCED property for variable: CMAKE_C_STANDARD_LIBRARIES
CMAKE_C_STANDARD_LIBRARIES-ADVANCED:INTERNAL=1
//Executable file format
CMAKE_EXECUTABLE_FORMAT:INTERNAL=Unknown
//ADVANCED property for variable: CMAKE_EXE_LINKER_FLAGS
CMAKE_EXE_LINKER_FLAGS-ADVANCED:INTERNAL=1
//ADVANCED property for variable: CMAKE_EXE_LINKER_FLAGS_DEBUG
CMAKE_EXE_LINKER_FLAGS_DEBUG-ADVANCED:INTERNAL=1
//ADVANCED property for variable: CMAKE_EXE_LINKER_FLAGS_MINSIZEREL
CMAKE_EXE_LINKER_FLAGS_MINSIZEREL-ADVANCED:INTERNAL=1
//ADVANCED property for variable: CMAKE_EXE_LINKER_FLAGS_RELEASE
CMAKE_EXE_LINKER_FLAGS_RELEASE-ADVANCED:INTERNAL=1
//ADVANCED property for variable: CMAKE_EXE_LINKER_FLAGS_RELWITHDEBINFO
CMAKE_EXE_LINKER_FLAGS_RELWITHDEBINFO-ADVANCED:INTERNAL=1
//ADVANCED property for variable: CMAKE_EXPORT_COMPILE_COMMANDS
CMAKE_EXPORT_COMPILE_COMMANDS-ADVANCED:INTERNAL=1
//Name of external makefile project generator.
CMAKE_EXTRA_GENERATOR:INTERNAL=
//Name of generator.
CMAKE_GENERATOR:INTERNAL=Ninja
//Generator instance identifier.
CMAKE_GENERATOR_INSTANCE:INTERNAL=
//Name of generator platform.
CMAKE_GENERATOR_PLATFORM:INTERNAL=
//Name of generator toolset.
CMAKE_GENERATOR_TOOLSET:INTERNAL=
//Test CMAKE_HAVE_LIBC_PTHREAD
CMAKE_HAVE_LIBC_PTHREAD:INTERNAL=
//Have library pthreads
CMAKE_HAVE_PTHREADS_CREATE:INTERNAL=
//Have library pthread
CMAKE_HAVE_PTHREAD_CREATE:INTERNAL=
//Source directory with the top level CMakeLists.txt file for this
// project
CMAKE_HOME_DIRECTORY:INTERNAL=F:/UD/Thesis/ringSNARK
//ADVANCED property for variable: CMAKE_INSTALL_BINDIR
CMAKE_INSTALL_BINDIR-ADVANCED:INTERNAL=1
//ADVANCED property for variable: CMAKE_INSTALL_DATADIR
CMAKE_INSTALL_DATADIR-ADVANCED:INTERNAL=1
//ADVANCED property for variable: CMAKE_INSTALL_DATAROOTDIR
CMAKE_INSTALL_DATAROOTDIR-ADVANCED:INTERNAL=1
//ADVANCED property for variable: CMAKE_INSTALL_DOCDIR
CMAKE_INSTALL_DOCDIR-ADVANCED:INTERNAL=1
//ADVANCED property for variable: CMAKE_INSTALL_INCLUDEDIR
CMAKE_INSTALL_INCLUDEDIR-ADVANCED:INTERNAL=1
//ADVANCED property for variable: CMAKE_INSTALL_INFODIR
CMAKE_INSTALL_INFODIR-ADVANCED:INTERNAL=1
//ADVANCED property for variable: CMAKE_INSTALL_LIBDIR
CMAKE_INSTALL_LIBDIR-ADVANCED:INTERNAL=1
//ADVANCED property for variable: CMAKE_INSTALL_LIBEXECDIR
CMAKE_INSTALL_LIBEXECDIR-ADVANCED:INTERNAL=1
//ADVANCED property for variable: CMAKE_INSTALL_LOCALEDIR
CMAKE_INSTALL_LOCALEDIR-ADVANCED:INTERNAL=1
//ADVANCED property for variable: CMAKE_INSTALL_LOCALSTATEDIR
CMAKE_INSTALL_LOCALSTATEDIR-ADVANCED:INTERNAL=1
//ADVANCED property for variable: CMAKE_INSTALL_MANDIR
CMAKE_INSTALL_MANDIR-ADVANCED:INTERNAL=1
//ADVANCED property for variable: CMAKE_INSTALL_OLDINCLUDEDIR
CMAKE_INSTALL_OLDINCLUDEDIR-ADVANCED:INTERNAL=1
//ADVANCED property for variable: CMAKE_INSTALL_PREFIX
CMAKE_INSTALL_PREFIX-ADVANCED:INTERNAL=1
//ADVANCED property for variable: CMAKE_INSTALL_RUNSTATEDIR
CMAKE_INSTALL_RUNSTATEDIR-ADVANCED:INTERNAL=1
//ADVANCED property for variable: CMAKE_INSTALL_SBINDIR
CMAKE_INSTALL_SBINDIR-ADVANCED:INTERNAL=1
//ADVANCED property for variable: CMAKE_INSTALL_SHAREDSTATEDIR
CMAKE_INSTALL_SHAREDSTATEDIR-ADVANCED:INTERNAL=1
//ADVANCED property for variable: CMAKE_INSTALL_SYSCONFDIR
CMAKE_INSTALL_SYSCONFDIR-ADVANCED:INTERNAL=1
//ADVANCED property for variable: CMAKE_LINKER
CMAKE_LINKER-ADVANCED:INTERNAL=1
//ADVANCED property for variable: CMAKE_MODULE_LINKER_FLAGS
CMAKE_MODULE_LINKER_FLAGS-ADVANCED:INTERNAL=1
//ADVANCED property for variable: CMAKE_MODULE_LINKER_FLAGS_DEBUG
CMAKE_MODULE_LINKER_FLAGS_DEBUG-ADVANCED:INTERNAL=1
//ADVANCED property for variable: CMAKE_MODULE_LINKER_FLAGS_MINSIZEREL
CMAKE_MODULE_LINKER_FLAGS_MINSIZEREL-ADVANCED:INTERNAL=1
//ADVANCED property for variable: CMAKE_MODULE_LINKER_FLAGS_RELEASE
CMAKE_MODULE_LINKER_FLAGS_RELEASE-ADVANCED:INTERNAL=1
//ADVANCED property for variable: CMAKE_MODULE_LINKER_FLAGS_RELWITHDEBINFO
CMAKE_MODULE_LINKER_FLAGS_RELWITHDEBINFO-ADVANCED:INTERNAL=1
//ADVANCED property for variable: CMAKE_MT
CMAKE_MT-ADVANCED:INTERNAL=1
//number of local generators
CMAKE_NUMBER_OF_MAKEFILES:INTERNAL=16
//Platform information initialized
CMAKE_PLATFORM_INFO_INITIALIZED:INTERNAL=1
//noop for ranlib
CMAKE_RANLIB:INTERNAL=:
//ADVANCED property for variable: CMAKE_RC_COMPILER
CMAKE_RC_COMPILER-ADVANCED:INTERNAL=1
CMAKE_RC_COMPILER_WORKS:INTERNAL=1
//ADVANCED property for variable: CMAKE_RC_FLAGS
CMAKE_RC_FLAGS-ADVANCED:INTERNAL=1
//ADVANCED property for variable: CMAKE_RC_FLAGS_DEBUG
CMAKE_RC_FLAGS_DEBUG-ADVANCED:INTERNAL=1
//ADVANCED property for variable: CMAKE_RC_FLAGS_MINSIZEREL
CMAKE_RC_FLAGS_MINSIZEREL-ADVANCED:INTERNAL=1
//ADVANCED property for variable: CMAKE_RC_FLAGS_RELEASE
CMAKE_RC_FLAGS_RELEASE-ADVANCED:INTERNAL=1
//ADVANCED property for variable: CMAKE_RC_FLAGS_RELWITHDEBINFO
CMAKE_RC_FLAGS_RELWITHDEBINFO-ADVANCED:INTERNAL=1
//Path to CMake installation.
CMAKE_ROOT:INTERNAL=C:/Program Files/Microsoft Visual Studio/2022/Community/Common7/IDE/CommonExtensions/Microsoft/CMake/CMake/share/cmake-3.26
//ADVANCED property for variable: CMAKE_SHARED_LINKER_FLAGS
CMAKE_SHARED_LINKER_FLAGS-ADVANCED:INTERNAL=1
//ADVANCED property for variable: CMAKE_SHARED_LINKER_FLAGS_DEBUG
CMAKE_SHARED_LINKER_FLAGS_DEBUG-ADVANCED:INTERNAL=1
//ADVANCED property for variable: CMAKE_SHARED_LINKER_FLAGS_MINSIZEREL
CMAKE_SHARED_LINKER_FLAGS_MINSIZEREL-ADVANCED:INTERNAL=1
//ADVANCED property for variable: CMAKE_SHARED_LINKER_FLAGS_RELEASE
CMAKE_SHARED_LINKER_FLAGS_RELEASE-ADVANCED:INTERNAL=1
//ADVANCED property for variable: CMAKE_SHARED_LINKER_FLAGS_RELWITHDEBINFO
CMAKE_SHARED_LINKER_FLAGS_RELWITHDEBINFO-ADVANCED:INTERNAL=1
//ADVANCED property for variable: CMAKE_SKIP_INSTALL_RPATH
CMAKE_SKIP_INSTALL_RPATH-ADVANCED:INTERNAL=1
//ADVANCED property for variable: CMAKE_SKIP_RPATH
CMAKE_SKIP_RPATH-ADVANCED:INTERNAL=1
//ADVANCED property for variable: CMAKE_STATIC_LINKER_FLAGS
CMAKE_STATIC_LINKER_FLAGS-ADVANCED:INTERNAL=1
//ADVANCED property for variable: CMAKE_STATIC_LINKER_FLAGS_DEBUG
CMAKE_STATIC_LINKER_FLAGS_DEBUG-ADVANCED:INTERNAL=1
//ADVANCED property for variable: CMAKE_STATIC_LINKER_FLAGS_MINSIZEREL
CMAKE_STATIC_LINKER_FLAGS_MINSIZEREL-ADVANCED:INTERNAL=1
//ADVANCED property for variable: CMAKE_STATIC_LINKER_FLAGS_RELEASE
CMAKE_STATIC_LINKER_FLAGS_RELEASE-ADVANCED:INTERNAL=1
//ADVANCED property for variable: CMAKE_STATIC_LINKER_FLAGS_RELWITHDEBINFO
CMAKE_STATIC_LINKER_FLAGS_RELWITHDEBINFO-ADVANCED:INTERNAL=1
//Suppress CMP0048 warning
CMAKE_SUPPRESS_DEVELOPER_WARNINGS:INTERNAL=TRUE
//ADVANCED property for variable: CMAKE_VERBOSE_MAKEFILE
CMAKE_VERBOSE_MAKEFILE-ADVANCED:INTERNAL=1
//Test CXX_FLAG_DDEBUGLEVEL_1
CXX_FLAG_DDEBUGLEVEL_1:INTERNAL=1
//Test CXX_FLAG_DUNICODE
CXX_FLAG_DUNICODE:INTERNAL=1
//Test CXX_FLAG_D_UNICODE
CXX_FLAG_D_UNICODE:INTERNAL=1
//Test C_FLAG_DDEBUGLEVEL_1
C_FLAG_DDEBUGLEVEL_1:INTERNAL=1
//Test C_FLAG_DUNICODE
C_FLAG_DUNICODE:INTERNAL=1
//Test C_FLAG_D_UNICODE
C_FLAG_D_UNICODE:INTERNAL=1
//ADVANCED property for variable: EXECUTABLE_OUTPUT_PATH
EXECUTABLE_OUTPUT_PATH-ADVANCED:INTERNAL=1
//ADVANCED property for variable: FETCHCONTENT_BASE_DIR
FETCHCONTENT_BASE_DIR-ADVANCED:INTERNAL=1
//ADVANCED property for variable: FETCHCONTENT_FULLY_DISCONNECTED
FETCHCONTENT_FULLY_DISCONNECTED-ADVANCED:INTERNAL=1
//ADVANCED property for variable: FETCHCONTENT_QUIET
FETCHCONTENT_QUIET-ADVANCED:INTERNAL=1
//ADVANCED property for variable: FETCHCONTENT_SOURCE_DIR_MSGSL
FETCHCONTENT_SOURCE_DIR_MSGSL-ADVANCED:INTERNAL=1
//ADVANCED property for variable: FETCHCONTENT_SOURCE_DIR_ZLIB
FETCHCONTENT_SOURCE_DIR_ZLIB-ADVANCED:INTERNAL=1
//ADVANCED property for variable: FETCHCONTENT_SOURCE_DIR_ZSTD
FETCHCONTENT_SOURCE_DIR_ZSTD-ADVANCED:INTERNAL=1
//ADVANCED property for variable: FETCHCONTENT_UPDATES_DISCONNECTED
FETCHCONTENT_UPDATES_DISCONNECTED-ADVANCED:INTERNAL=1
//ADVANCED property for variable: FETCHCONTENT_UPDATES_DISCONNECTED_MSGSL
FETCHCONTENT_UPDATES_DISCONNECTED_MSGSL-ADVANCED:INTERNAL=1
//ADVANCED property for variable: FETCHCONTENT_UPDATES_DISCONNECTED_ZLIB
FETCHCONTENT_UPDATES_DISCONNECTED_ZLIB-ADVANCED:INTERNAL=1
//ADVANCED property for variable: FETCHCONTENT_UPDATES_DISCONNECTED_ZSTD
FETCHCONTENT_UPDATES_DISCONNECTED_ZSTD-ADVANCED:INTERNAL=1
//Details about finding Python
FIND_PACKAGE_MESSAGE_DETAILS_Python:INTERNAL=[C:/Users/promar/AppData/Local/Programs/Python/Python38/python.exe][cfound components: Interpreter ][v3.8.7()]
//Details about finding Threads
FIND_PACKAGE_MESSAGE_DETAILS_Threads:INTERNAL=[TRUE][v()]
//ADVANCED property for variable: GIT_EXECUTABLE
GIT_EXECUTABLE-ADVANCED:INTERNAL=1
//ADVANCED property for variable: GSL_CXX_STANDARD
GSL_CXX_STANDARD-ADVANCED:INTERNAL=1
//ADVANCED property for variable: GSL_TEST
GSL_TEST-ADVANCED:INTERNAL=1
//Native visualizers are Visual Studio extension
GSL_VS_ADD_NATIVE_VISUALIZERS:INTERNAL=FALSE
//Have function fseeko
HAVE_FSEEKO:INTERNAL=
//Result of TRY_COMPILE
HAVE_OFF64_T:INTERNAL=FALSE
//Have include stddef.h
HAVE_STDDEF_H:INTERNAL=1
//Have include stdint.h
HAVE_STDINT_H:INTERNAL=1
//Have include sys/types.h
HAVE_SYS_TYPES_H:INTERNAL=1
//ADVANCED property for variable: INSTALL_BIN_DIR
INSTALL_BIN_DIR-ADVANCED:INTERNAL=1
//ADVANCED property for variable: INSTALL_INC_DIR
INSTALL_INC_DIR-ADVANCED:INTERNAL=1
//ADVANCED property for variable: INSTALL_LIB_DIR
INSTALL_LIB_DIR-ADVANCED:INTERNAL=1
//ADVANCED property for variable: INSTALL_MAN_DIR
INSTALL_MAN_DIR-ADVANCED:INTERNAL=1
//ADVANCED property for variable: INSTALL_PKGCONFIG_DIR
INSTALL_PKGCONFIG_DIR-ADVANCED:INTERNAL=1
//ADVANCED property for variable: LIBRARY_OUTPUT_PATH
LIBRARY_OUTPUT_PATH-ADVANCED:INTERNAL=1
NLOHMANN_JSON_CONFIG_INSTALL_DIR:INTERNAL=lib/cmake/nlohmann_json
//CHECK_TYPE_SIZE: off64_t unknown
OFF64_T:INTERNAL=
//ADVANCED property for variable: SEAL_AVOID_BRANCHING
SEAL_AVOID_BRANCHING-ADVANCED:INTERNAL=1
//ADVANCED property for variable: SEAL_DEFAULT_PRNG
SEAL_DEFAULT_PRNG-ADVANCED:INTERNAL=1
//STRINGS property for variable: SEAL_DEFAULT_PRNG
SEAL_DEFAULT_PRNG-STRINGS:INTERNAL=Blake2xb;Shake256
//Have symbol explicit_bzero
SEAL_EXPLICIT_BZERO_FOUND:INTERNAL=
//Have symbol explicit_memset
SEAL_EXPLICIT_MEMSET_FOUND:INTERNAL=
//Have include intrin.h
SEAL_INTRIN_HEADER_FOUND:INTERNAL=1
//Test SEAL_MEMSET_S_FOUND
SEAL_MEMSET_S_FOUND:INTERNAL=
//Result of TRY_COMPILE
SEAL_MEMSET_S_FOUND_COMPILED:INTERNAL=FALSE
//ADVANCED property for variable: SEAL_SECURE_COMPILE_OPTIONS
SEAL_SECURE_COMPILE_OPTIONS-ADVANCED:INTERNAL=1
//ADVANCED property for variable: SEAL_THROW_ON_TRANSPARENT_CIPHERTEXT
SEAL_THROW_ON_TRANSPARENT_CIPHERTEXT-ADVANCED:INTERNAL=1
//ADVANCED property for variable: SEAL_USE_ALIGNED_ALLOC
SEAL_USE_ALIGNED_ALLOC-ADVANCED:INTERNAL=1
//ADVANCED property for variable: SEAL_USE_EXPLICIT_BZERO
SEAL_USE_EXPLICIT_BZERO-ADVANCED:INTERNAL=1
//ADVANCED property for variable: SEAL_USE_EXPLICIT_MEMSET
SEAL_USE_EXPLICIT_MEMSET-ADVANCED:INTERNAL=1
//ADVANCED property for variable: SEAL_USE_GAUSSIAN_NOISE
SEAL_USE_GAUSSIAN_NOISE-ADVANCED:INTERNAL=1
//ADVANCED property for variable: SEAL_USE_MEMSET_S
SEAL_USE_MEMSET_S-ADVANCED:INTERNAL=1
//ADVANCED property for variable: SEAL_USE__ADDCARRY_U64
SEAL_USE__ADDCARRY_U64-ADVANCED:INTERNAL=1
//ADVANCED property for variable: SEAL_USE__BITSCANREVERSE64
SEAL_USE__BITSCANREVERSE64-ADVANCED:INTERNAL=1
//ADVANCED property for variable: SEAL_USE__SUBBORROW_U64
SEAL_USE__SUBBORROW_U64-ADVANCED:INTERNAL=1
//ADVANCED property for variable: SEAL_USE__UMUL128
SEAL_USE__UMUL128-ADVANCED:INTERNAL=1
//Test SEAL__ADDCARRY_U64_FOUND
SEAL__ADDCARRY_U64_FOUND:INTERNAL=1
//Result of TRY_COMPILE
SEAL__ADDCARRY_U64_FOUND_COMPILED:INTERNAL=TRUE
//Result of try_run()
SEAL__ADDCARRY_U64_FOUND_EXITCODE:INTERNAL=0
//Test SEAL__BITSCANREVERSE64_FOUND
SEAL__BITSCANREVERSE64_FOUND:INTERNAL=1
//Result of TRY_COMPILE
SEAL__BITSCANREVERSE64_FOUND_COMPILED:INTERNAL=TRUE
//Result of try_run()
SEAL__BITSCANREVERSE64_FOUND_EXITCODE:INTERNAL=0
//Test SEAL__SUBBORROW_U64_FOUND
SEAL__SUBBORROW_U64_FOUND:INTERNAL=1
//Result of TRY_COMPILE
SEAL__SUBBORROW_U64_FOUND_COMPILED:INTERNAL=TRUE
//Result of try_run()
SEAL__SUBBORROW_U64_FOUND_EXITCODE:INTERNAL=0
//Test SEAL__UMUL128_FOUND
SEAL__UMUL128_FOUND:INTERNAL=1
//Result of TRY_COMPILE
SEAL__UMUL128_FOUND_COMPILED:INTERNAL=TRUE
//Result of try_run()
SEAL__UMUL128_FOUND_EXITCODE:INTERNAL=0
//ADVANCED property for variable: SKIP_INSTALL_ALL
SKIP_INSTALL_ALL-ADVANCED:INTERNAL=1
//ADVANCED property for variable: ZLIB_BUILD_STATIC
ZLIB_BUILD_STATIC-ADVANCED:INTERNAL=1
//ADVANCED property for variable: ZSTD_BUILD_CONTRIB
ZSTD_BUILD_CONTRIB-ADVANCED:INTERNAL=1
//ADVANCED property for variable: ZSTD_BUILD_PROGRAMS
ZSTD_BUILD_PROGRAMS-ADVANCED:INTERNAL=1
//ADVANCED property for variable: ZSTD_BUILD_SHARED
ZSTD_BUILD_SHARED-ADVANCED:INTERNAL=1
//ADVANCED property for variable: ZSTD_BUILD_STATIC
ZSTD_BUILD_STATIC-ADVANCED:INTERNAL=1
//ADVANCED property for variable: ZSTD_BUILD_TESTS
ZSTD_BUILD_TESTS-ADVANCED:INTERNAL=1
//ADVANCED property for variable: ZSTD_LEGACY_SUPPORT
ZSTD_LEGACY_SUPPORT-ADVANCED:INTERNAL=1
//ADVANCED property for variable: ZSTD_MULTITHREAD_SUPPORT
ZSTD_MULTITHREAD_SUPPORT-ADVANCED:INTERNAL=1
//ADVANCED property for variable: ZSTD_PROGRAMS_LINK_SHARED
ZSTD_PROGRAMS_LINK_SHARED-ADVANCED:INTERNAL=1
//Have include unistd.h
Z_HAVE_UNISTD_H:INTERNAL=
//Components requested for this build tree.
_Boost_COMPONENTS_SEARCHED:INTERNAL=math
//Last used Boost_INCLUDE_DIR value.
_Boost_INCLUDE_DIR_LAST:INTERNAL=Boost_INCLUDE_DIR-NOTFOUND
//Last used Boost_NAMESPACE value.
_Boost_NAMESPACE_LAST:INTERNAL=boost
//Last used Boost_USE_MULTITHREADED value.
_Boost_USE_MULTITHREADED_LAST:INTERNAL=TRUE
//CMAKE_INSTALL_PREFIX during last run
_GNUInstallDirs_LAST_CMAKE_INSTALL_PREFIX:INTERNAL=F:/UD/Thesis/ringSNARK/out/install/x64-Debug
//Compiler reason failure
_Python_Compiler_REASON_FAILURE:INTERNAL=
//Development reason failure
_Python_Development_REASON_FAILURE:INTERNAL=
//Path to a program.
_Python_EXECUTABLE:INTERNAL=C:/Users/promar/AppData/Local/Programs/Python/Python38/python.exe
//Python Properties
_Python_INTERPRETER_PROPERTIES:INTERNAL=Python;3;8;7;64;;cp38-win_amd64;;C:\Users\promar\AppData\Local\Programs\Python\Python38\Lib;C:\Users\promar\AppData\Local\Programs\Python\Python38\Lib;C:\Users\promar\AppData\Local\Programs\Python\Python38\Lib\site-packages;C:\Users\promar\AppData\Local\Programs\Python\Python38\Lib\site-packages
_Python_INTERPRETER_SIGNATURE:INTERNAL=4b222aa917ab90eb6af3a799514adab9
//Interpreter reason failure
_Python_Interpreter_REASON_FAILURE:INTERNAL=
//NumPy reason failure
_Python_NumPy_REASON_FAILURE:INTERNAL=
cmake_package_name:INTERNAL=GTest
generated_dir:INTERNAL=F:/UD/Thesis/ringSNARK/out/build/x64-Debug/depends/gtest/googletest/generated
//ADVANCED property for variable: gmock_build_tests
gmock_build_tests-ADVANCED:INTERNAL=1
//ADVANCED property for variable: gtest_build_samples
gtest_build_samples-ADVANCED:INTERNAL=1
//ADVANCED property for variable: gtest_build_tests
gtest_build_tests-ADVANCED:INTERNAL=1
//ADVANCED property for variable: gtest_disable_pthreads
gtest_disable_pthreads-ADVANCED:INTERNAL=1
//ADVANCED property for variable: gtest_force_shared_crt
gtest_force_shared_crt-ADVANCED:INTERNAL=1
//ADVANCED property for variable: gtest_hide_internal_symbols
gtest_hide_internal_symbols-ADVANCED:INTERNAL=1
targets_export_name:INTERNAL=GTestTargets

